<?xml version="1.0" encoding="UTF-8"?>
<!-- Generated by org.testng.reporters.JUnitReportReporter -->
<testsuite skipped="0" hostname="KirubanandR" name="com.SFDCsample.tests.SDFCSample.SampleTest" tests="1" failures="0" timestamp="12 Sep 2017 06:40:28 GMT" time="0.010" errors="0">
  <testcase name="test01" time="0.010" classname="com.SFDCsample.tests.SDFCSample.SampleTest"/>
</testsuite> <!-- com.SFDCsample.tests.SDFCSample.SampleTest -->
