<?xml version="1.0" encoding="UTF-8"?>
<!-- Generated by org.testng.reporters.JUnitReportReporter -->
<testsuite skipped="0" hostname="KirubanandR" name="com.test.gmail.test2" tests="2" failures="0" timestamp="09 Sep 2017 11:51:56 GMT" time="0.018" errors="0">
  <testcase name="f" time="0.016" classname="com.test.gmail.test2"/>
  <testcase name="f1" time="0.002" classname="com.test.gmail.test2"/>
</testsuite> <!-- com.test.gmail.test2 -->
