<?xml version="1.0" encoding="UTF-8"?>
<!-- Generated by org.testng.reporters.JUnitReportReporter -->
<testsuite skipped="0" hostname="KirubanandR" name="com.SFDC.tests.SalesforceAutomation.sdfc" tests="2" failures="0" timestamp="11 Sep 2017 16:56:52 GMT" time="331.857" errors="0">
  <testcase name="createaccount" time="145.651" classname="com.SFDC.tests.SalesforceAutomation.sdfc"/>
  <testcase name="createcontact" time="186.206" classname="com.SFDC.tests.SalesforceAutomation.sdfc"/>
</testsuite> <!-- com.SFDC.tests.SalesforceAutomation.sdfc -->
