<?xml version="1.0" encoding="UTF-8"?>
<!-- Generated by org.testng.reporters.JUnitReportReporter -->
<testsuite skipped="0" hostname="KirubanandR" name="com.SFDC.tests.SalesforceAutomation.Sampletest" tests="2" failures="0" timestamp="17 Sep 2017 11:06:52 GMT" time="0.039" errors="0">
  <testcase name="test01" time="0.030" classname="com.SFDC.tests.SalesforceAutomation.Sampletest"/>
  <testcase name="test02" time="0.009" classname="com.SFDC.tests.SalesforceAutomation.Sampletest"/>
</testsuite> <!-- com.SFDC.tests.SalesforceAutomation.Sampletest -->
