<?xml version="1.0" encoding="UTF-8"?>
<!-- Generated by org.testng.reporters.JUnitReportReporter -->
<testsuite skipped="0" hostname="KirubanandR" name="com.SFDC.tests.SalesforceAutomation.Sample" tests="3" failures="0" timestamp="11 Sep 2017 07:05:04 GMT" time="0.035" errors="0">
  <testcase name="testthree" time="0.002" classname="com.SFDC.tests.SalesforceAutomation.Sample"/>
  <testcase name="testone" time="0.031" classname="com.SFDC.tests.SalesforceAutomation.Sample"/>
  <testcase name="testtwo" time="0.002" classname="com.SFDC.tests.SalesforceAutomation.Sample"/>
</testsuite> <!-- com.SFDC.tests.SalesforceAutomation.Sample -->
