<?xml version="1.0" encoding="UTF-8"?>
<!-- Generated by org.testng.reporters.JUnitReportReporter -->
<testsuite skipped="0" hostname="KirubanandR" name="com.test.gmail.test" tests="2" failures="0" timestamp="10 Sep 2017 11:14:32 GMT" time="60.166" errors="0">
  <testcase name="f" time="60.162" classname="com.test.gmail.test"/>
  <testcase name="f1" time="0.004" classname="com.test.gmail.test"/>
</testsuite> <!-- com.test.gmail.test -->
