<?xml version="1.0" encoding="UTF-8"?>
<!-- Generated by org.testng.reporters.JUnitReportReporter -->
<testsuite skipped="0" hostname="KirubanandR" name="com.test.SalesforceAutomationTestng.SampleTest" tests="3" failures="0" timestamp="11 Sep 2017 07:16:44 GMT" time="0.008" errors="0">
  <testcase name="testtwo" time="0.000" classname="com.test.SalesforceAutomationTestng.SampleTest"/>
  <testcase name="testone" time="0.007" classname="com.test.SalesforceAutomationTestng.SampleTest"/>
  <testcase name="testthrid" time="0.001" classname="com.test.SalesforceAutomationTestng.SampleTest"/>
</testsuite> <!-- com.test.SalesforceAutomationTestng.SampleTest -->
